Copyright 1986-2021 Xilinx, Inc. All Rights Reserved.
-------------------------------------------------------------------------------------------
| Tool Version : Vivado v.2021.2 (lin64) Build 3367213 Tue Oct 19 02:47:39 MDT 2021
| Date         : Fri Apr 28 14:32:52 2023
| Host         : cadence33 running 64-bit CentOS Linux release 7.9.2009 (Core)
| Command      : report_control_sets -verbose -file top_vga_basys3_control_sets_placed.rpt
| Design       : top_vga_basys3
| Device       : xc7a35t
-------------------------------------------------------------------------------------------

Control Set Information

Table of Contents
-----------------
1. Summary
2. Histogram
3. Flip-Flop Distribution
4. Detailed Control Set Information

1. Summary
----------

+----------------------------------------------------------+-------+
|                          Status                          | Count |
+----------------------------------------------------------+-------+
| Total control sets                                       |    29 |
|    Minimum number of control sets                        |    29 |
|    Addition due to synthesis replication                 |     0 |
|    Addition due to physical synthesis replication        |     0 |
| Unused register locations in slices containing registers |    80 |
+----------------------------------------------------------+-------+
* Control sets can be merged at opt_design using control_set_merge or merge_equivalent_drivers
** Run report_qor_suggestions for automated merging and remapping suggestions


2. Histogram
------------

+--------------------+-------+
|       Fanout       | Count |
+--------------------+-------+
| Total control sets |    29 |
| >= 0 to < 4        |     0 |
| >= 4 to < 6        |     2 |
| >= 6 to < 8        |     2 |
| >= 8 to < 10       |     6 |
| >= 10 to < 12      |     3 |
| >= 12 to < 14      |     6 |
| >= 14 to < 16      |     2 |
| >= 16              |     8 |
+--------------------+-------+
* Control sets can be remapped at either synth_design or opt_design


3. Flip-Flop Distribution
-------------------------

+--------------+-----------------------+------------------------+-----------------+--------------+
| Clock Enable | Synchronous Set/Reset | Asynchronous Set/Reset | Total Registers | Total Slices |
+--------------+-----------------------+------------------------+-----------------+--------------+
| No           | No                    | No                     |             128 |           44 |
| No           | No                    | Yes                    |             170 |           50 |
| No           | Yes                   | No                     |             325 |           93 |
| Yes          | No                    | No                     |              56 |           17 |
| Yes          | No                    | Yes                    |              49 |           16 |
| Yes          | Yes                   | No                     |              48 |           17 |
+--------------+-----------------------+------------------------+-----------------+--------------+


4. Detailed Control Set Information
-----------------------------------

+----------------------------------------------+---------------------------------------------------------------------+---------------------------------------------------------------------+------------------+----------------+--------------+
|                 Clock Signal                 |                            Enable Signal                            |                           Set/Reset Signal                          | Slice Load Count | Bel Load Count | Bels / Slice |
+----------------------------------------------+---------------------------------------------------------------------+---------------------------------------------------------------------+------------------+----------------+--------------+
|  u_clk_wiz_0/inst/clk100MHz                  | u_top_vga/u_MouseCtl/Inst_Ps2Interface/shift_frame                  | u_top_vga/u_MouseCtl/Inst_Ps2Interface/reset_bit_count              |                1 |              4 |         4.00 |
|  u_clk_wiz_0/inst/clk100MHz                  | u_top_vga/u_MouseCtl/Inst_Ps2Interface/FSM_onehot_state_reg[0]_1    | btnC_IBUF                                                           |                1 |              5 |         5.00 |
|  u_clk_wiz_0/inst/clk100MHz                  | u_top_vga/u_MouseCtl/Inst_Ps2Interface/btnC                         |                                                                     |                3 |              7 |         2.33 |
|  u_clk_wiz_0/inst/clk100MHz                  | u_top_vga/u_MouseCtl/Inst_Ps2Interface/delay_63clk_count[6]_i_2_n_0 | u_top_vga/u_MouseCtl/Inst_Ps2Interface/delay_63clk_count[6]_i_1_n_0 |                3 |              7 |         2.33 |
|  u_clk_wiz_0/inst/clk40MHz_clk_wiz_0_en_clk  |                                                                     |                                                                     |                1 |              8 |         8.00 |
|  u_clk_wiz_0/inst/clk100MHz                  | u_top_vga/u_MouseCtl/tx_data[7]_i_1_n_0                             |                                                                     |                3 |              8 |         2.67 |
|  u_clk_wiz_0/inst/clk100MHz                  | u_top_vga/u_MouseCtl/Inst_Ps2Interface/FSM_onehot_state_reg[0]_0[0] | btnC_IBUF                                                           |                4 |              8 |         2.00 |
|  u_clk_wiz_0/inst/clk100MHz                  | u_top_vga/u_MouseCtl/Inst_Ps2Interface/E[0]                         | btnC_IBUF                                                           |                2 |              8 |         4.00 |
|  u_clk_wiz_0/inst/clk100MHz                  | u_top_vga/u_MouseCtl/Inst_Ps2Interface/load_rx_data                 |                                                                     |                2 |              8 |         4.00 |
|  u_clk_wiz_0/inst/clk100MHz_clk_wiz_0_en_clk |                                                                     |                                                                     |                1 |              8 |         8.00 |
|  u_clk_wiz_0/inst/clk100MHz                  | u_top_vga/u_MouseCtl/Inst_Ps2Interface/frame[9]_i_1_n_0             |                                                                     |                2 |             10 |         5.00 |
|  u_clk_wiz_0/inst/clk100MHz                  | u_top_vga/u_MouseCtl/Inst_Ps2Interface/delay_20us_count[10]_i_2_n_0 | u_top_vga/u_MouseCtl/Inst_Ps2Interface/delay_20us_count[10]_i_1_n_0 |                4 |             11 |         2.75 |
|  u_clk_wiz_0/inst/clk100MHz                  | u_top_vga/u_MouseCtl/y_new_reg_n_0                                  |                                                                     |                3 |             11 |         3.67 |
|  u_clk_wiz_0/inst/clk40MHz                   | u_top_vga/u_vga_timing/h_counter/en_v_cnt                           | btnC_IBUF                                                           |                5 |             12 |         2.40 |
|  u_clk_wiz_0/inst/clk40MHz                   |                                                                     | u_top_vga/u_draw_rect/out\\.rgb[11]_i_1_n_0                         |                3 |             12 |         4.00 |
|  u_clk_wiz_0/inst/clk40MHz                   |                                                                     | u_top_vga/u_draw_rect/SS[0]                                         |                4 |             12 |         3.00 |
|  u_clk_wiz_0/inst/clk40MHz                   |                                                                     | u_top_vga/u_draw_rect_char/u_delay_vga/SR[0]                        |                2 |             12 |         6.00 |
|  u_clk_wiz_0/inst/clk100MHz                  | u_top_vga/u_MouseCtl/x_new_reg_n_0                                  |                                                                     |                4 |             12 |         3.00 |
|  clk_50Hz                                    | u_top_vga/u_draw_rect_ctl/xpos_nxt                                  | btnC_IBUF                                                           |                3 |             12 |         4.00 |
|  clk_50Hz                                    |                                                                     | btnC_IBUF                                                           |                7 |             14 |         2.00 |
|  u_clk_wiz_0/inst/clk100MHz                  | u_top_vga/u_MouseCtl/Inst_Ps2Interface/delay_100us_count[0]_i_2_n_0 | u_top_vga/u_MouseCtl/Inst_Ps2Interface/clear                        |                4 |             14 |         3.50 |
|  clk_50Hz                                    | u_top_vga/u_draw_rect_ctl/speed_nxt                                 | btnC_IBUF                                                           |                6 |             16 |         2.67 |
|  u_clk_wiz_0/inst/clk40MHz                   |                                                                     | u_top_vga/u_simple_clk_div/clk_out_nxt                              |                5 |             18 |         3.60 |
|  u_clk_wiz_0/inst/clk100MHz                  |                                                                     | u_top_vga/u_MouseCtl/reset_timeout_cnt_reg_n_0                      |                5 |             24 |         4.80 |
|  u_clk_wiz_0/inst/clk100MHz                  |                                                                     | u_top_vga/u_MouseCtl/reset_periodic_check_cnt__0                    |                7 |             26 |         3.71 |
|  u_clk_wiz_0/inst/clk100MHz                  |                                                                     |                                                                     |               19 |             44 |         2.32 |
|  u_clk_wiz_0/inst/clk100MHz                  |                                                                     | btnC_IBUF                                                           |               16 |             59 |         3.69 |
|  u_clk_wiz_0/inst/clk40MHz                   |                                                                     |                                                                     |               23 |             70 |         3.04 |
|  u_clk_wiz_0/inst/clk40MHz                   |                                                                     | btnC_IBUF                                                           |               94 |            318 |         3.38 |
+----------------------------------------------+---------------------------------------------------------------------+---------------------------------------------------------------------+------------------+----------------+--------------+


