#-----------------------------------------------------------
# Vivado v2021.2 (64-bit)
# SW Build 3367213 on Tue Oct 19 02:47:39 MDT 2021
# IP Build 3369179 on Thu Oct 21 08:25:16 MDT 2021
# Start of session at: Mon May  8 19:13:00 2023
# Process ID: 7140
# Current directory: /home/student/pzieba/UEC2/UEC2_LAB2/fpga
# Command line: vivado -mode tcl -source scripts/generate_bitstream.tcl
# Log file: /home/student/pzieba/UEC2/UEC2_LAB2/fpga/vivado.log
# Journal file: /home/student/pzieba/UEC2/UEC2_LAB2/fpga/vivado.jou
# Running On: cadence33, OS: Linux, CPU Frequency: 3224.609 MHz, CPU Physical cores: 4, Host memory: 16720 MB
#-----------------------------------------------------------
source scripts/generate_bitstream.tcl
# source scripts/project_details.tcl
## set project_name uart_project
## set top_module top_uart_basys3
## set target xc7a35tcpg236-1
## set xdc_files {
##     constraints/top_vga_basys3.xdc
##     constraints/clk_wiz_0.xdc
## }
## set sv_files {
##     rtl/top_uart_basys3.sv
## }
# proc create_new_project {project_name target top_module} {
#     file mkdir build
#     create_project ${project_name} build -part ${target} -force
# 
#     # read files from the variables provided by the project_details.tcl
#     if {[info exists ::xdc_files]}     {read_xdc ${::xdc_files}}
#     if {[info exists ::sv_files]}      {read_verilog -sv ${::sv_files}}
#     if {[info exists ::verilog_files]} {read_verilog ${::verilog_files}}
#     if {[info exists ::vhdl_files]}    {read_vhdl ${::vhdl_files}}
#     if {[info exists ::mem_files]}     {read_mem ${::mem_files}}
# 
#     set_property top ${top_module} [current_fileset]
#     update_compile_order -fileset sources_1
# }
# proc generate_bitstream {} {
#     # Run synthesis
#     reset_run synth_1
#     launch_runs synth_1 -jobs 8
#     wait_on_run synth_1
# 
#     # Run implemenatation up to bitstream generation
#     launch_runs impl_1 -to_step write_bitstream -jobs 8
#     wait_on_run impl_1
# }
# create_new_project $project_name $target $top_module
# generate_bitstream
WARNING: [Vivado 12-7122] Auto Incremental Compile:: No reference checkpoint was found in run synth_1. Auto-incremental flow will not be run, the standard flow will be run instead.
[Mon May  8 19:13:12 2023] Launched synth_1...
Run output will be captured here: /home/student/pzieba/UEC2/UEC2_LAB2/fpga/build/uart_project.runs/synth_1/runme.log
[Mon May  8 19:13:12 2023] Waiting for synth_1 to finish...

*** Running vivado
    with args -log top_uart_basys3.vds -m64 -product Vivado -mode batch -messageDb vivado.pb -notrace -source top_uart_basys3.tcl


****** Vivado v2021.2 (64-bit)
  **** SW Build 3367213 on Tue Oct 19 02:47:39 MDT 2021
  **** IP Build 3369179 on Thu Oct 21 08:25:16 MDT 2021
    ** Copyright 1986-2021 Xilinx, Inc. All Rights Reserved.

source top_uart_basys3.tcl -notrace
Command: synth_design -top top_uart_basys3 -part xc7a35tcpg236-1
Starting synth_design
Attempting to get a license for feature 'Synthesis' and/or device 'xc7a35t'
INFO: [Common 17-349] Got license for feature 'Synthesis' and/or device 'xc7a35t'
INFO: [Device 21-403] Loading part xc7a35tcpg236-1
INFO: [Synth 8-7079] Multithreading enabled for synth_design using a maximum of 4 processes.
INFO: [Synth 8-7078] Launching helper process for spawning children vivado processes
INFO: [Synth 8-7075] Helper process launched with PID 7587
---------------------------------------------------------------------------------
Starting RTL Elaboration : Time (s): cpu = 00:00:03 ; elapsed = 00:00:03 . Memory (MB): peak = 2717.809 ; gain = 0.000 ; free physical = 5989 ; free virtual = 16069
---------------------------------------------------------------------------------
INFO: [Synth 8-6157] synthesizing module 'top_uart_basys3' [/home/student/pzieba/UEC2/UEC2_LAB2/fpga/rtl/top_uart_basys3.sv:3]
ERROR: [Synth 8-439] module 'top_uart' not found [/home/student/pzieba/UEC2/UEC2_LAB2/fpga/rtl/top_uart_basys3.sv:14]
ERROR: [Synth 8-6156] failed synthesizing module 'top_uart_basys3' [/home/student/pzieba/UEC2/UEC2_LAB2/fpga/rtl/top_uart_basys3.sv:3]
---------------------------------------------------------------------------------
Finished RTL Elaboration : Time (s): cpu = 00:00:04 ; elapsed = 00:00:04 . Memory (MB): peak = 2717.809 ; gain = 0.000 ; free physical = 5593 ; free virtual = 15673
---------------------------------------------------------------------------------
RTL Elaboration failed
INFO: [Common 17-83] Releasing license: Synthesis
7 Infos, 0 Warnings, 0 Critical Warnings and 3 Errors encountered.
synth_design failed
ERROR: [Common 17-69] Command failed: Synthesis failed - please see the console or run log file for details
INFO: [Common 17-206] Exiting Vivado at Mon May  8 19:13:31 2023...
[Mon May  8 19:13:42 2023] synth_1 finished
WARNING: [Vivado 12-8222] Failed run(s) : 'synth_1'
wait_on_runs: Time (s): cpu = 00:00:23 ; elapsed = 00:00:29 . Memory (MB): peak = 2715.805 ; gain = 0.000 ; free physical = 7446 ; free virtual = 17526
ERROR: [Common 17-70] Application Exception: Failed to launch run 'impl_1' due to failures in the following run(s):
synth_1
These failed run(s) need to be reset prior to launching 'impl_1' again.

exit
INFO: [Common 17-206] Exiting Vivado at Mon May  8 19:15:20 2023...
